<?xml version="1.0" encoding="UTF-8"?>
<!-- Generated by org.testng.reporters.JUnitReportReporter -->
<testsuite hostname="DESKTOP-8UOV5P4" failures="0" tests="1" name="TestNG.Annotations" time="0.011" errors="0" timestamp="17 Oct 2024 07:33:26 GMT" skipped="0">
  <testcase classname="TestNG.Annotations" name="hierarchy" time="0.011"/>
</testsuite> <!-- TestNG.Annotations -->
