<?xml version="1.0" encoding="UTF-8"?>
<!-- Generated by org.testng.reporters.JUnitReportReporter -->
<testsuite hostname="DESKTOP-8UOV5P4" failures="0" tests="3" name="TestNG.Testcases" time="6.754" errors="0" timestamp="16 Oct 2024 12:53:51 GMT" skipped="0">
  <testcase classname="TestNG.Testcases" name="openBing" time="1.812"/>
  <testcase classname="TestNG.Testcases" name="openGoogle" time="1.961"/>
  <testcase classname="TestNG.Testcases" name="openYahoo" time="2.981"/>
</testsuite> <!-- TestNG.Testcases -->
