<?xml version="1.0" encoding="UTF-8"?>
<!-- Generated by org.testng.reporters.JUnitReportReporter -->
<testsuite hostname="DESKTOP-8UOV5P4" failures="0" tests="4" name="TestNG.Dependancy" time="0.006" errors="0" timestamp="16 Oct 2024 12:53:51 GMT" skipped="0">
  <testcase classname="TestNG.Dependancy" name="create_" time="0.001"/>
  <testcase classname="TestNG.Dependancy" name="test" time="0.002"/>
  <testcase classname="TestNG.Dependancy" name="install" time="0.002"/>
  <testcase classname="TestNG.Dependancy" name="create" time="0.001"/>
</testsuite> <!-- TestNG.Dependancy -->
