<?xml version="1.0" encoding="UTF-8"?>
<!-- Generated by org.testng.reporters.JUnitReportReporter -->
<testsuite hostname="DESKTOP-8UOV5P4" failures="0" tests="1" name="TestNG.Parameterization" time="0.012" errors="0" timestamp="17 Oct 2024 06:10:41 GMT" skipped="0">
  <testcase classname="TestNG.Parameterization" name="print" time="0.012"/>
</testsuite> <!-- TestNG.Parameterization -->
