<?xml version="1.0" encoding="UTF-8"?>
<!-- Generated by org.testng.reporters.JUnitReportReporter -->
<testsuite hostname="DESKTOP-8UOV5P4" failures="0" tests="3" name="TestNG.Beforeandaftersuite" time="3.390" errors="0" timestamp="16 Oct 2024 12:53:51 GMT" skipped="0">
  <testcase classname="TestNG.Beforeandaftersuite" name="openBing" time="0.774"/>
  <testcase classname="TestNG.Beforeandaftersuite" name="openGoogle" time="0.203"/>
  <testcase classname="TestNG.Beforeandaftersuite" name="openYahoo" time="2.413"/>
</testsuite> <!-- TestNG.Beforeandaftersuite -->
