<?xml version="1.0" encoding="UTF-8"?>
<!-- Generated by org.testng.reporters.JUnitReportReporter -->
<testsuite hostname="DESKTOP-8UOV5P4" failures="0" tests="3" name="TestNG.Testsuite" time="29.895" errors="0" timestamp="16 Oct 2024 10:57:05 GMT" skipped="0">
  <testcase classname="TestNG.Testsuite" name="openYahoo" time="25.837"/>
  <testcase classname="TestNG.Testsuite" name="openBing" time="2.031"/>
  <testcase classname="TestNG.Testsuite" name="openGoogle" time="2.027"/>
</testsuite> <!-- TestNG.Testsuite -->
