<?xml version="1.0" encoding="UTF-8"?>
<!-- Generated by org.testng.reporters.JUnitReportReporter -->
<testsuite hostname="DESKTOP-8UOV5P4" failures="0" tests="5" name="TestNG.Skipatestcase" time="0.005" errors="0" timestamp="16 Oct 2024 12:53:51 GMT" skipped="1">
  <testcase classname="TestNG.Skipatestcase" name="install" time="0.002"/>
  <testcase classname="TestNG.Skipatestcase" name="create" time="0.001"/>
  <testcase classname="TestNG.Skipatestcase" name="create_" time="0.001"/>
  <testcase classname="TestNG.Skipatestcase" name="test" time="0.001"/>
  <testcase classname="TestNG.Skipatestcase" name="report">
    <skipped/>
  </testcase> <!-- report -->
</testsuite> <!-- TestNG.Skipatestcase -->
