<?xml version="1.0" encoding="UTF-8"?>
<!-- Generated by org.testng.reporters.JUnitReportReporter -->
<testsuite hostname="DESKTOP-8UOV5P4" failures="0" tests="4" name="TestNG.Grouping" time="0.020" errors="0" timestamp="17 Oct 2024 05:39:38 GMT" skipped="0">
  <testcase classname="TestNG.Grouping" name="oneplus2" time="0.004"/>
  <testcase classname="TestNG.Grouping" name="vivo2" time="0.001"/>
  <testcase classname="TestNG.Grouping" name="vivo1" time="0.002"/>
  <testcase classname="TestNG.Grouping" name="oneplus1" time="0.013"/>
</testsuite> <!-- TestNG.Grouping -->
