<?xml version="1.0" encoding="UTF-8"?>
<!-- Generated by org.testng.reporters.JUnitReportReporter -->
<testsuite hostname="DESKTOP-8UOV5P4" failures="0" tests="2" name="TestNG.Paralleltesting" time="6.146" errors="0" timestamp="17 Oct 2024 06:49:36 GMT" skipped="0">
  <testcase classname="TestNG.Paralleltesting" name="openGoogle" time="3.361"/>
  <testcase classname="TestNG.Paralleltesting" name="openBing" time="2.785"/>
</testsuite> <!-- TestNG.Paralleltesting -->
