<?xml version="1.0" encoding="UTF-8"?>
<!-- Generated by org.testng.reporters.JUnitReportReporter -->
<testsuite hostname="DESKTOP-8UOV5P4" failures="0" tests="1" name="TestNG.Assertion" time="0.012" errors="0" timestamp="17 Oct 2024 07:11:48 GMT" skipped="0">
  <testcase classname="TestNG.Assertion" name="check" time="0.012"/>
</testsuite> <!-- TestNG.Assertion -->
